{"/home/codespace/workspace/winkelzoeker-api/src/adapters/controllers/exceptions/badRequestException.ts": {"path":"/home/codespace/workspace/winkelzoeker-api/src/adapters/controllers/exceptions/badRequestException.ts","statementMap":{"0":{"start":{"line":1,"column":0},"end":{"line":1,"column":48}},"1":{"start":{"line":2,"column":0},"end":{"line":2,"column":44}},"2":{"start":{"line":6,"column":4},"end":{"line":6,"column":50}},"3":{"start":{"line":4,"column":0},"end":{"line":4,"column":21}}},"fnMap":{"0":{"name":"(anonymous_1)","decl":{"start":{"line":5,"column":2},"end":{"line":5,"column":14}},"loc":{"start":{"line":5,"column":46},"end":{"line":7,"column":3}}}},"branchMap":{"0":{"loc":{"start":{"line":5,"column":44},"end":{"line":5,"column":46}},"type":"default-arg","locations":[{"start":{"line":5,"column":44},"end":{"line":5,"column":46}}]}},"s":{"0":2,"1":2,"2":7,"3":2},"f":{"0":7},"b":{"0":[6]}}
,"/home/codespace/workspace/winkelzoeker-api/src/adapters/controllers/exceptions/baseException.ts": {"path":"/home/codespace/workspace/winkelzoeker-api/src/adapters/controllers/exceptions/baseException.ts","statementMap":{"0":{"start":{"line":5,"column":4},"end":{"line":5,"column":19}},"1":{"start":{"line":4,"column":21},"end":{"line":4,"column":33}},"2":{"start":{"line":6,"column":4},"end":{"line":6,"column":21}},"3":{"start":{"line":1,"column":0},"end":{"line":1,"column":30}}},"fnMap":{"0":{"name":"(anonymous_0)","decl":{"start":{"line":4,"column":2},"end":{"line":4,"column":21}},"loc":{"start":{"line":4,"column":67},"end":{"line":7,"column":3}}}},"branchMap":{"0":{"loc":{"start":{"line":4,"column":65},"end":{"line":4,"column":67}},"type":"default-arg","locations":[{"start":{"line":4,"column":65},"end":{"line":4,"column":67}}]}},"s":{"0":13,"1":13,"2":13,"3":4},"f":{"0":13},"b":{"0":[1]}}
,"/home/codespace/workspace/winkelzoeker-api/src/adapters/controllers/exceptions/internalServerException.ts": {"path":"/home/codespace/workspace/winkelzoeker-api/src/adapters/controllers/exceptions/internalServerException.ts","statementMap":{"0":{"start":{"line":1,"column":0},"end":{"line":1,"column":48}},"1":{"start":{"line":2,"column":0},"end":{"line":2,"column":44}},"2":{"start":{"line":6,"column":4},"end":{"line":6,"column":60}},"3":{"start":{"line":4,"column":0},"end":{"line":4,"column":21}}},"fnMap":{"0":{"name":"(anonymous_1)","decl":{"start":{"line":5,"column":2},"end":{"line":5,"column":14}},"loc":{"start":{"line":5,"column":46},"end":{"line":7,"column":3}}}},"branchMap":{"0":{"loc":{"start":{"line":5,"column":44},"end":{"line":5,"column":46}},"type":"default-arg","locations":[{"start":{"line":5,"column":44},"end":{"line":5,"column":46}}]}},"s":{"0":2,"1":2,"2":2,"3":2},"f":{"0":2},"b":{"0":[1]}}
,"/home/codespace/workspace/winkelzoeker-api/src/adapters/controllers/exceptions/mappingException.ts": {"path":"/home/codespace/workspace/winkelzoeker-api/src/adapters/controllers/exceptions/mappingException.ts","statementMap":{"0":{"start":{"line":1,"column":0},"end":{"line":1,"column":48}},"1":{"start":{"line":2,"column":0},"end":{"line":2,"column":44}},"2":{"start":{"line":6,"column":4},"end":{"line":6,"column":50}},"3":{"start":{"line":4,"column":0},"end":{"line":4,"column":21}}},"fnMap":{"0":{"name":"(anonymous_1)","decl":{"start":{"line":5,"column":2},"end":{"line":5,"column":14}},"loc":{"start":{"line":5,"column":46},"end":{"line":7,"column":3}}}},"branchMap":{"0":{"loc":{"start":{"line":5,"column":44},"end":{"line":5,"column":46}},"type":"default-arg","locations":[{"start":{"line":5,"column":44},"end":{"line":5,"column":46}}]}},"s":{"0":3,"1":3,"2":3,"3":3},"f":{"0":3},"b":{"0":[1]}}
,"/home/codespace/workspace/winkelzoeker-api/src/adapters/controllers/exceptions/responseError.ts": {"path":"/home/codespace/workspace/winkelzoeker-api/src/adapters/controllers/exceptions/responseError.ts","statementMap":{"0":{"start":{"line":1,"column":0},"end":{"line":1,"column":44}},"1":{"start":{"line":8,"column":4},"end":{"line":8,"column":25}},"2":{"start":{"line":9,"column":4},"end":{"line":9,"column":21}},"3":{"start":{"line":10,"column":4},"end":{"line":10,"column":23}},"4":{"start":{"line":3,"column":0},"end":{"line":3,"column":21}}},"fnMap":{"0":{"name":"(anonymous_1)","decl":{"start":{"line":7,"column":2},"end":{"line":7,"column":14}},"loc":{"start":{"line":7,"column":68},"end":{"line":11,"column":3}}}},"branchMap":{},"s":{"0":2,"1":1,"2":1,"3":1,"4":2},"f":{"0":1},"b":{}}
,"/home/codespace/workspace/winkelzoeker-api/src/adapters/controllers/rest-api/abstractController.ts": {"path":"/home/codespace/workspace/winkelzoeker-api/src/adapters/controllers/rest-api/abstractController.ts","statementMap":{"0":{"start":{"line":8,"column":20},"end":{"line":8,"column":34}},"1":{"start":{"line":7,"column":0},"end":{"line":7,"column":30}}},"fnMap":{"0":{"name":"(anonymous_0)","decl":{"start":{"line":8,"column":1},"end":{"line":8,"column":20}},"loc":{"start":{"line":8,"column":34},"end":{"line":8,"column":39}}}},"branchMap":{},"s":{"0":13,"1":2},"f":{"0":13},"b":{}}
,"/home/codespace/workspace/winkelzoeker-api/src/adapters/controllers/rest-api/restify/v1/api-handler.ts": {"path":"/home/codespace/workspace/winkelzoeker-api/src/adapters/controllers/rest-api/restify/v1/api-handler.ts","statementMap":{"0":{"start":{"line":7,"column":0},"end":{"line":7,"column":null}},"1":{"start":{"line":8,"column":1},"end":{"line":8,"column":null}},"2":{"start":{"line":9,"column":1},"end":{"line":9,"column":null}},"3":{"start":{"line":10,"column":1},"end":{"line":10,"column":null}},"4":{"start":{"line":11,"column":1},"end":{"line":11,"column":null}},"5":{"start":{"line":12,"column":1},"end":{"line":12,"column":null}},"6":{"start":{"line":13,"column":1},"end":{"line":13,"column":null}},"7":{"start":{"line":55,"column":9},"end":{"line":55,"column":17}},"8":{"start":{"line":23,"column":23},"end":{"line":23,"column":53}},"9":{"start":{"line":24,"column":10},"end":{"line":24,"column":40}},"10":{"start":{"line":25,"column":9},"end":{"line":25,"column":23}},"11":{"start":{"line":26,"column":9},"end":{"line":26,"column":23}},"12":{"start":{"line":27,"column":9},"end":{"line":27,"column":24}},"13":{"start":{"line":28,"column":10},"end":{"line":28,"column":27}},"14":{"start":{"line":35,"column":8},"end":{"line":52,"column":null}},"15":{"start":{"line":37,"column":2},"end":{"line":51,"column":null}},"16":{"start":{"line":39,"column":3},"end":{"line":39,"column":82}},"17":{"start":{"line":41,"column":3},"end":{"line":41,"column":35}},"18":{"start":{"line":43,"column":35},"end":{"line":43,"column":69}},"19":{"start":{"line":44,"column":33},"end":{"line":44,"column":92}},"20":{"start":{"line":45,"column":3},"end":{"line":45,"column":43}},"21":{"start":{"line":46,"column":3},"end":{"line":46,"column":10}},"22":{"start":{"line":48,"column":33},"end":{"line":48,"column":81}},"23":{"start":{"line":49,"column":3},"end":{"line":49,"column":43}},"24":{"start":{"line":50,"column":3},"end":{"line":50,"column":10}},"25":{"start":{"line":32,"column":2},"end":{"line":32,"column":46}},"26":{"start":{"line":55,"column":19},"end":{"line":55,"column":29}}},"fnMap":{"0":{"name":"(anonymous_0)","decl":{"start":{"line":7,"column":0},"end":{"line":7,"column":5}},"loc":{"start":{"line":7,"column":13},"end":{"line":14,"column":1}}},"1":{"name":"(anonymous_1)","decl":{"start":{"line":23,"column":1},"end":{"line":23,"column":23}},"loc":{"start":{"line":28,"column":27},"end":{"line":29,"column":2}}},"2":{"name":"(anonymous_2)","decl":{"start":{"line":35,"column":18},"end":{"line":35,"column":23}},"loc":{"start":{"line":35,"column":83},"end":{"line":52,"column":2}}},"3":{"name":"(anonymous_3)","decl":{"start":{"line":31,"column":1},"end":{"line":31,"column":12}},"loc":{"start":{"line":31,"column":20},"end":{"line":33,"column":2}}}},"branchMap":{"0":{"loc":{"start":{"line":7,"column":5},"end":{"line":7,"column":13}},"type":"binary-expr","locations":[{"start":{"line":7,"column":5},"end":{"line":7,"column":13}},{"start":{"line":7,"column":5},"end":{"line":7,"column":null}}]}},"s":{"0":1,"1":1,"2":1,"3":1,"4":1,"5":1,"6":1,"7":1,"8":12,"9":12,"10":12,"11":12,"12":12,"13":12,"14":12,"15":4,"16":4,"17":4,"18":3,"19":2,"20":2,"21":2,"22":2,"23":2,"24":2,"25":8,"26":1},"f":{"0":1,"1":12,"2":4,"3":8},"b":{"0":[1,1]}}
,"/home/codespace/workspace/winkelzoeker-api/src/adapters/controllers/rest-api/restify/v1/use-case-controllers/find-nearest-store/findNearestStoresController.ts": {"path":"/home/codespace/workspace/winkelzoeker-api/src/adapters/controllers/rest-api/restify/v1/use-case-controllers/find-nearest-store/findNearestStoresController.ts","statementMap":{"0":{"start":{"line":2,"column":0},"end":{"line":2,"column":64}},"1":{"start":{"line":4,"column":0},"end":{"line":4,"column":64}},"2":{"start":{"line":8,"column":4},"end":{"line":8,"column":18}},"3":{"start":{"line":7,"column":22},"end":{"line":7,"column":38}},"4":{"start":{"line":13,"column":2},"end":{"line":13,"column":101}},"5":{"start":{"line":15,"column":41},"end":{"line":17,"column":4}},"6":{"start":{"line":19,"column":2},"end":{"line":21,"column":null}},"7":{"start":{"line":20,"column":3},"end":{"line":20,"column":81}},"8":{"start":{"line":22,"column":17},"end":{"line":22,"column":59}},"9":{"start":{"line":23,"column":2},"end":{"line":25,"column":25}},"10":{"start":{"line":29,"column":9},"end":{"line":29,"column":36}}},"fnMap":{"0":{"name":"(anonymous_1)","decl":{"start":{"line":7,"column":2},"end":{"line":7,"column":22}},"loc":{"start":{"line":7,"column":54},"end":{"line":9,"column":3}}},"1":{"name":"(anonymous_2)","decl":{"start":{"line":11,"column":9},"end":{"line":11,"column":14}},"loc":{"start":{"line":11,"column":33},"end":{"line":26,"column":3}}}},"branchMap":{"0":{"loc":{"start":{"line":16,"column":10},"end":{"line":16,"column":21}},"type":"binary-expr","locations":[{"start":{"line":16,"column":10},"end":{"line":16,"column":21}},{"start":{"line":16,"column":25},"end":{"line":16,"column":26}}]},"1":{"loc":{"start":{"line":19,"column":2},"end":{"line":21,"column":null}},"type":"if","locations":[{"start":{"line":19,"column":2},"end":{"line":21,"column":null}},{"start":{"line":19,"column":2},"end":{"line":21,"column":null}}]},"2":{"loc":{"start":{"line":19,"column":5},"end":{"line":19,"column":19}},"type":"binary-expr","locations":[{"start":{"line":19,"column":5},"end":{"line":19,"column":19}},{"start":{"line":19,"column":23},"end":{"line":19,"column":38}}]}},"s":{"0":2,"1":2,"2":1,"3":1,"4":1,"5":1,"6":1,"7":1,"8":1,"9":1,"10":2},"f":{"0":1,"1":1},"b":{"0":[1,0],"1":[1,0],"2":[1,1]}}
,"/home/codespace/workspace/winkelzoeker-api/src/adapters/controllers/rest-api/restify/v1/use-case-controllers/find-nearest-store/findNearestStoresHandler.ts": {"path":"/home/codespace/workspace/winkelzoeker-api/src/adapters/controllers/rest-api/restify/v1/use-case-controllers/find-nearest-store/findNearestStoresHandler.ts","statementMap":{"0":{"start":{"line":3,"column":0},"end":{"line":3,"column":57}},"1":{"start":{"line":4,"column":0},"end":{"line":4,"column":76}},"2":{"start":{"line":6,"column":0},"end":{"line":6,"column":95}},"3":{"start":{"line":7,"column":0},"end":{"line":7,"column":103}},"4":{"start":{"line":10,"column":0},"end":{"line":10,"column":80}},"5":{"start":{"line":11,"column":0},"end":{"line":11,"column":101}},"6":{"start":{"line":12,"column":0},"end":{"line":12,"column":85}},"7":{"start":{"line":15,"column":0},"end":{"line":15,"column":78}},"8":{"start":{"line":22,"column":2},"end":{"line":22,"column":80}},"9":{"start":{"line":26,"column":19},"end":{"line":26,"column":95}},"10":{"start":{"line":27,"column":20},"end":{"line":27,"column":98}},"11":{"start":{"line":28,"column":16},"end":{"line":28,"column":86}},"12":{"start":{"line":31,"column":2},"end":{"line":33,"column":null}},"13":{"start":{"line":32,"column":3},"end":{"line":32,"column":79}},"14":{"start":{"line":34,"column":2},"end":{"line":36,"column":null}},"15":{"start":{"line":35,"column":3},"end":{"line":35,"column":80}},"16":{"start":{"line":38,"column":2},"end":{"line":40,"column":null}},"17":{"start":{"line":39,"column":3},"end":{"line":39,"column":83}},"18":{"start":{"line":42,"column":2},"end":{"line":44,"column":null}},"19":{"start":{"line":43,"column":3},"end":{"line":43,"column":75}},"20":{"start":{"line":49,"column":2},"end":{"line":62,"column":null}},"21":{"start":{"line":50,"column":20},"end":{"line":50,"column":92}},"22":{"start":{"line":51,"column":21},"end":{"line":51,"column":95}},"23":{"start":{"line":52,"column":17},"end":{"line":52,"column":83}},"24":{"start":{"line":54,"column":17},"end":{"line":58,"column":5}},"25":{"start":{"line":59,"column":3},"end":{"line":59,"column":41}},"26":{"start":{"line":61,"column":3},"end":{"line":61,"column":52}},"27":{"start":{"line":17,"column":0},"end":{"line":17,"column":13}}},"fnMap":{"0":{"name":"(anonymous_1)","decl":{"start":{"line":18,"column":1},"end":{"line":18,"column":13}},"loc":{"start":{"line":21,"column":20},"end":{"line":23,"column":2}}},"1":{"name":"(anonymous_2)","decl":{"start":{"line":25,"column":8},"end":{"line":25,"column":23}},"loc":{"start":{"line":25,"column":40},"end":{"line":45,"column":2}}},"2":{"name":"(anonymous_3)","decl":{"start":{"line":47,"column":11},"end":{"line":47,"column":16}},"loc":{"start":{"line":47,"column":66},"end":{"line":63,"column":2}}}},"branchMap":{"0":{"loc":{"start":{"line":26,"column":60},"end":{"line":26,"column":83}},"type":"cond-expr","locations":[{"start":{"line":26,"column":60},"end":{"line":26,"column":83}},{"start":{"line":26,"column":86},"end":{"line":26,"column":95}}]},"1":{"loc":{"start":{"line":27,"column":62},"end":{"line":27,"column":86}},"type":"cond-expr","locations":[{"start":{"line":27,"column":62},"end":{"line":27,"column":86}},{"start":{"line":27,"column":89},"end":{"line":27,"column":98}}]},"2":{"loc":{"start":{"line":28,"column":54},"end":{"line":28,"column":74}},"type":"cond-expr","locations":[{"start":{"line":28,"column":54},"end":{"line":28,"column":74}},{"start":{"line":28,"column":77},"end":{"line":28,"column":86}}]},"3":{"loc":{"start":{"line":31,"column":2},"end":{"line":33,"column":null}},"type":"if","locations":[{"start":{"line":31,"column":2},"end":{"line":33,"column":null}},{"start":{"line":31,"column":2},"end":{"line":33,"column":null}}]},"4":{"loc":{"start":{"line":31,"column":6},"end":{"line":31,"column":14}},"type":"binary-expr","locations":[{"start":{"line":31,"column":6},"end":{"line":31,"column":14}},{"start":{"line":31,"column":18},"end":{"line":31,"column":33}}]},"5":{"loc":{"start":{"line":34,"column":2},"end":{"line":36,"column":null}},"type":"if","locations":[{"start":{"line":34,"column":2},"end":{"line":36,"column":null}},{"start":{"line":34,"column":2},"end":{"line":36,"column":null}}]},"6":{"loc":{"start":{"line":34,"column":6},"end":{"line":34,"column":15}},"type":"binary-expr","locations":[{"start":{"line":34,"column":6},"end":{"line":34,"column":15}},{"start":{"line":34,"column":19},"end":{"line":34,"column":35}}]},"7":{"loc":{"start":{"line":38,"column":2},"end":{"line":40,"column":null}},"type":"if","locations":[{"start":{"line":38,"column":2},"end":{"line":40,"column":null}},{"start":{"line":38,"column":2},"end":{"line":40,"column":null}}]},"8":{"loc":{"start":{"line":42,"column":2},"end":{"line":44,"column":null}},"type":"if","locations":[{"start":{"line":42,"column":2},"end":{"line":44,"column":null}},{"start":{"line":42,"column":2},"end":{"line":44,"column":null}}]},"9":{"loc":{"start":{"line":42,"column":6},"end":{"line":42,"column":11}},"type":"binary-expr","locations":[{"start":{"line":42,"column":6},"end":{"line":42,"column":11}},{"start":{"line":42,"column":15},"end":{"line":42,"column":27}}]},"10":{"loc":{"start":{"line":50,"column":59},"end":{"line":50,"column":80}},"type":"cond-expr","locations":[{"start":{"line":50,"column":59},"end":{"line":50,"column":80}},{"start":{"line":50,"column":83},"end":{"line":50,"column":92}}]},"11":{"loc":{"start":{"line":51,"column":61},"end":{"line":51,"column":83}},"type":"cond-expr","locations":[{"start":{"line":51,"column":61},"end":{"line":51,"column":83}},{"start":{"line":51,"column":86},"end":{"line":51,"column":95}}]},"12":{"loc":{"start":{"line":52,"column":53},"end":{"line":52,"column":71}},"type":"cond-expr","locations":[{"start":{"line":52,"column":53},"end":{"line":52,"column":71}},{"start":{"line":52,"column":74},"end":{"line":52,"column":83}}]}},"s":{"0":1,"1":1,"2":1,"3":1,"4":1,"5":1,"6":1,"7":1,"8":12,"9":12,"10":12,"11":12,"12":12,"13":1,"14":11,"15":1,"16":10,"17":3,"18":7,"19":1,"20":3,"21":3,"22":3,"23":3,"24":3,"25":3,"26":0,"27":1},"f":{"0":12,"1":12,"2":3},"b":{"0":[9,3],"1":[8,4],"2":[12,0],"3":[1,11],"4":[12,9],"5":[1,10],"6":[11,7],"7":[3,7],"8":[1,6],"9":[7,7],"10":[2,1],"11":[2,1],"12":[3,0]}}
,"/home/codespace/workspace/winkelzoeker-api/src/adapters/controllers/rest-api/restify/v1/use-case-controllers/find-nearest-store/findNearestStoresResponseMapper.ts": {"path":"/home/codespace/workspace/winkelzoeker-api/src/adapters/controllers/rest-api/restify/v1/use-case-controllers/find-nearest-store/findNearestStoresResponseMapper.ts","statementMap":{"0":{"start":{"line":1,"column":0},"end":{"line":1,"column":48}},"1":{"start":{"line":10,"column":2},"end":{"line":13,"column":4}},"2":{"start":{"line":17,"column":2},"end":{"line":20,"column":4}},"3":{"start":{"line":7,"column":0},"end":{"line":7,"column":21}}},"fnMap":{"0":{"name":"(anonymous_0)","decl":{"start":{"line":9,"column":1},"end":{"line":9,"column":32}},"loc":{"start":{"line":9,"column":65},"end":{"line":14,"column":2}}},"1":{"name":"(anonymous_1)","decl":{"start":{"line":16,"column":1},"end":{"line":16,"column":22}},"loc":{"start":{"line":16,"column":43},"end":{"line":21,"column":2}}}},"branchMap":{},"s":{"0":2,"1":1,"2":1,"3":2},"f":{"0":1,"1":1},"b":{}}
,"/home/codespace/workspace/winkelzoeker-api/src/adapters/infrastructure/consoleLogger.ts": {"path":"/home/codespace/workspace/winkelzoeker-api/src/adapters/infrastructure/consoleLogger.ts","statementMap":{"0":{"start":{"line":5,"column":4},"end":{"line":5,"column":25}},"1":{"start":{"line":9,"column":4},"end":{"line":9,"column":26}},"2":{"start":{"line":13,"column":4},"end":{"line":13,"column":39}},"3":{"start":{"line":17,"column":4},"end":{"line":17,"column":40}},"4":{"start":{"line":21,"column":4},"end":{"line":21,"column":40}},"5":{"start":{"line":3,"column":0},"end":{"line":3,"column":21}}},"fnMap":{"0":{"name":"(anonymous_0)","decl":{"start":{"line":4,"column":2},"end":{"line":4,"column":7}},"loc":{"start":{"line":4,"column":33},"end":{"line":6,"column":3}}},"1":{"name":"(anonymous_1)","decl":{"start":{"line":8,"column":2},"end":{"line":8,"column":6}},"loc":{"start":{"line":8,"column":32},"end":{"line":10,"column":3}}},"2":{"name":"(anonymous_2)","decl":{"start":{"line":12,"column":2},"end":{"line":12,"column":9}},"loc":{"start":{"line":12,"column":22},"end":{"line":14,"column":3}}},"3":{"name":"(anonymous_3)","decl":{"start":{"line":16,"column":2},"end":{"line":16,"column":7}},"loc":{"start":{"line":16,"column":20},"end":{"line":18,"column":3}}},"4":{"name":"(anonymous_4)","decl":{"start":{"line":20,"column":2},"end":{"line":20,"column":7}},"loc":{"start":{"line":20,"column":20},"end":{"line":22,"column":3}}}},"branchMap":{},"s":{"0":1,"1":6,"2":1,"3":1,"4":1,"5":3},"f":{"0":1,"1":6,"2":1,"3":1,"4":1},"b":{}}
,"/home/codespace/workspace/winkelzoeker-api/src/adapters/infrastructure/webApplogger.ts": {"path":"/home/codespace/workspace/winkelzoeker-api/src/adapters/infrastructure/webApplogger.ts","statementMap":{"0":{"start":{"line":1,"column":0},"end":{"line":1,"column":30}},"1":{"start":{"line":9,"column":2},"end":{"line":16,"column":5}},"2":{"start":{"line":20,"column":2},"end":{"line":20,"column":28}},"3":{"start":{"line":24,"column":2},"end":{"line":24,"column":28}},"4":{"start":{"line":28,"column":2},"end":{"line":28,"column":41}},"5":{"start":{"line":32,"column":2},"end":{"line":32,"column":42}},"6":{"start":{"line":36,"column":2},"end":{"line":36,"column":42}},"7":{"start":{"line":5,"column":0},"end":{"line":5,"column":21}}},"fnMap":{"0":{"name":"(anonymous_1)","decl":{"start":{"line":8,"column":1},"end":{"line":8,"column":null}},"loc":{"start":{"line":8,"column":1},"end":{"line":17,"column":2}}},"1":{"name":"(anonymous_2)","decl":{"start":{"line":19,"column":1},"end":{"line":19,"column":6}},"loc":{"start":{"line":19,"column":32},"end":{"line":21,"column":2}}},"2":{"name":"(anonymous_3)","decl":{"start":{"line":23,"column":1},"end":{"line":23,"column":5}},"loc":{"start":{"line":23,"column":31},"end":{"line":25,"column":2}}},"3":{"name":"(anonymous_4)","decl":{"start":{"line":27,"column":1},"end":{"line":27,"column":8}},"loc":{"start":{"line":27,"column":21},"end":{"line":29,"column":2}}},"4":{"name":"(anonymous_5)","decl":{"start":{"line":31,"column":1},"end":{"line":31,"column":6}},"loc":{"start":{"line":31,"column":19},"end":{"line":33,"column":2}}},"5":{"name":"(anonymous_6)","decl":{"start":{"line":35,"column":1},"end":{"line":35,"column":6}},"loc":{"start":{"line":35,"column":19},"end":{"line":37,"column":2}}}},"branchMap":{},"s":{"0":1,"1":5,"2":1,"3":1,"4":1,"5":1,"6":1,"7":1},"f":{"0":5,"1":1,"2":1,"3":1,"4":1,"5":1},"b":{}}
,"/home/codespace/workspace/winkelzoeker-api/src/adapters/repository/storeMongoRepository.ts": {"path":"/home/codespace/workspace/winkelzoeker-api/src/adapters/repository/storeMongoRepository.ts","statementMap":{"0":{"start":{"line":6,"column":0},"end":{"line":6,"column":74}},"1":{"start":{"line":7,"column":0},"end":{"line":7,"column":64}},"2":{"start":{"line":9,"column":0},"end":{"line":9,"column":66}},"3":{"start":{"line":13,"column":2},"end":{"line":39,"column":null}},"4":{"start":{"line":14,"column":18},"end":{"line":31,"column":14}},"5":{"start":{"line":33,"column":3},"end":{"line":35,"column":null}},"6":{"start":{"line":34,"column":4},"end":{"line":34,"column":91}},"7":{"start":{"line":36,"column":3},"end":{"line":36,"column":17}},"8":{"start":{"line":38,"column":3},"end":{"line":38,"column":97}},"9":{"start":{"line":11,"column":0},"end":{"line":11,"column":13}},"10":{"start":{"line":45,"column":2},"end":{"line":45,"column":32}},"11":{"start":{"line":49,"column":2},"end":{"line":49,"column":20}},"12":{"start":{"line":53,"column":17},"end":{"line":57,"column":null}},"13":{"start":{"line":59,"column":3},"end":{"line":59,"column":63}},"14":{"start":{"line":61,"column":2},"end":{"line":61,"column":86}},"15":{"start":{"line":61,"column":31},"end":{"line":61,"column":84}},"16":{"start":{"line":43,"column":0},"end":{"line":43,"column":21}}},"fnMap":{"0":{"name":"(anonymous_1)","decl":{"start":{"line":12,"column":1},"end":{"line":12,"column":15}},"loc":{"start":{"line":12,"column":28},"end":{"line":40,"column":2}}},"1":{"name":"(anonymous_2)","decl":{"start":{"line":44,"column":1},"end":{"line":44,"column":12}},"loc":{"start":{"line":44,"column":37},"end":{"line":46,"column":2}}},"2":{"name":"(anonymous_3)","decl":{"start":{"line":48,"column":1},"end":{"line":48,"column":12}},"loc":{"start":{"line":48,"column":35},"end":{"line":50,"column":2}}},"3":{"name":"(anonymous_4)","decl":{"start":{"line":52,"column":1},"end":{"line":52,"column":6}},"loc":{"start":{"line":52,"column":58},"end":{"line":62,"column":2}}},"4":{"name":"(anonymous_5)","decl":{"start":{"line":61,"column":21},"end":{"line":61,"column":27}},"loc":{"start":{"line":61,"column":31},"end":{"line":61,"column":84}}}},"branchMap":{"0":{"loc":{"start":{"line":33,"column":3},"end":{"line":35,"column":null}},"type":"if","locations":[{"start":{"line":33,"column":3},"end":{"line":35,"column":null}},{"start":{"line":33,"column":3},"end":{"line":35,"column":null}}]},"1":{"loc":{"start":{"line":33,"column":8},"end":{"line":33,"column":14}},"type":"binary-expr","locations":[{"start":{"line":33,"column":8},"end":{"line":33,"column":14}},{"start":{"line":33,"column":18},"end":{"line":33,"column":40}},{"start":{"line":33,"column":46},"end":{"line":33,"column":62}},{"start":{"line":33,"column":66},"end":{"line":33,"column":89}}]}},"s":{"0":2,"1":2,"2":2,"3":2,"4":2,"5":2,"6":1,"7":1,"8":1,"9":2,"10":1,"11":1,"12":0,"13":0,"14":0,"15":0,"16":2},"f":{"0":2,"1":1,"2":1,"3":0,"4":0},"b":{"0":[1,1],"1":[2,2,1,1]}}
,"/home/codespace/workspace/winkelzoeker-api/src/adapters/repository/schemas/storeSchema.ts": {"path":"/home/codespace/workspace/winkelzoeker-api/src/adapters/repository/schemas/storeSchema.ts","statementMap":{"0":{"start":{"line":1,"column":0},"end":{"line":1,"column":54}},"1":{"start":{"line":3,"column":28},"end":{"line":20,"column":2}},"2":{"start":{"line":42,"column":0},"end":{"line":42,"column":67}}},"fnMap":{},"branchMap":{},"s":{"0":2,"1":2,"2":2},"f":{},"b":{}}
,"/home/codespace/workspace/winkelzoeker-api/src/core/geoLocation.ts": {"path":"/home/codespace/workspace/winkelzoeker-api/src/core/geoLocation.ts","statementMap":{"0":{"start":{"line":1,"column":0},"end":{"line":1,"column":58}},"1":{"start":{"line":5,"column":20},"end":{"line":5,"column":36}},"2":{"start":{"line":5,"column":45},"end":{"line":5,"column":62}},"3":{"start":{"line":8,"column":2},"end":{"line":8,"column":45}},"4":{"start":{"line":3,"column":0},"end":{"line":3,"column":21}}},"fnMap":{"0":{"name":"(anonymous_0)","decl":{"start":{"line":5,"column":1},"end":{"line":5,"column":20}},"loc":{"start":{"line":5,"column":62},"end":{"line":5,"column":66}}},"1":{"name":"(anonymous_1)","decl":{"start":{"line":7,"column":8},"end":{"line":7,"column":18}},"loc":{"start":{"line":7,"column":43},"end":{"line":9,"column":2}}}},"branchMap":{},"s":{"0":5,"1":13,"2":13,"3":2,"4":5},"f":{"0":13,"1":2},"b":{}}
,"/home/codespace/workspace/winkelzoeker-api/src/lib/coordinateUtils.ts": {"path":"/home/codespace/workspace/winkelzoeker-api/src/lib/coordinateUtils.ts","statementMap":{"0":{"start":{"line":1,"column":0},"end":{"line":1,"column":42}},"1":{"start":{"line":5,"column":1},"end":{"line":8,"column":3}},"2":{"start":{"line":11,"column":9},"end":{"line":11,"column":25}}},"fnMap":{"0":{"name":"distanceInMeters","decl":{"start":{"line":4,"column":9},"end":{"line":4,"column":25}},"loc":{"start":{"line":4,"column":71},"end":{"line":9,"column":1}}}},"branchMap":{},"s":{"0":5,"1":8,"2":5},"f":{"0":8},"b":{}}
,"/home/codespace/workspace/winkelzoeker-api/src/lib/logicalXOR.ts": {"path":"/home/codespace/workspace/winkelzoeker-api/src/lib/logicalXOR.ts","statementMap":{"0":{"start":{"line":2,"column":2},"end":{"line":2,"column":35}},"1":{"start":{"line":1,"column":0},"end":{"line":1,"column":24}}},"fnMap":{"0":{"name":"logicalXOR","decl":{"start":{"line":1,"column":24},"end":{"line":1,"column":34}},"loc":{"start":{"line":1,"column":55},"end":{"line":3,"column":1}}}},"branchMap":{"0":{"loc":{"start":{"line":2,"column":11},"end":{"line":2,"column":12}},"type":"binary-expr","locations":[{"start":{"line":2,"column":11},"end":{"line":2,"column":12}},{"start":{"line":2,"column":16},"end":{"line":2,"column":17}},{"start":{"line":2,"column":23},"end":{"line":2,"column":34}}]},"1":{"loc":{"start":{"line":2,"column":26},"end":{"line":2,"column":27}},"type":"binary-expr","locations":[{"start":{"line":2,"column":26},"end":{"line":2,"column":27}},{"start":{"line":2,"column":31},"end":{"line":2,"column":32}}]}},"s":{"0":14,"1":2},"f":{"0":14},"b":{"0":[14,5,11],"1":[11,9]}}
,"/home/codespace/workspace/winkelzoeker-api/src/usecases/ports/infrastructure/coreBaseError.ts": {"path":"/home/codespace/workspace/winkelzoeker-api/src/usecases/ports/infrastructure/coreBaseError.ts","statementMap":{"0":{"start":{"line":1,"column":0},"end":{"line":1,"column":null}},"1":{"start":{"line":2,"column":2},"end":{"line":2,"column":null}},"2":{"start":{"line":3,"column":2},"end":{"line":3,"column":null}},"3":{"start":{"line":4,"column":2},"end":{"line":4,"column":null}},"4":{"start":{"line":35,"column":9},"end":{"line":35,"column":22}},"5":{"start":{"line":24,"column":4},"end":{"line":24,"column":28}},"6":{"start":{"line":26,"column":4},"end":{"line":26,"column":30}},"7":{"start":{"line":27,"column":4},"end":{"line":27,"column":44}},"8":{"start":{"line":28,"column":4},"end":{"line":28,"column":38}},"9":{"start":{"line":29,"column":4},"end":{"line":29,"column":21}},"10":{"start":{"line":30,"column":4},"end":{"line":30,"column":41}},"11":{"start":{"line":31,"column":4},"end":{"line":31,"column":38}},"12":{"start":{"line":35,"column":37},"end":{"line":35,"column":50}}},"fnMap":{"0":{"name":"(anonymous_0)","decl":{"start":{"line":1,"column":0},"end":{"line":1,"column":5}},"loc":{"start":{"line":1,"column":18},"end":{"line":5,"column":1}}},"1":{"name":"(anonymous_1)","decl":{"start":{"line":23,"column":2},"end":{"line":23,"column":14}},"loc":{"start":{"line":23,"column":51},"end":{"line":32,"column":3}}}},"branchMap":{"0":{"loc":{"start":{"line":1,"column":5},"end":{"line":1,"column":18}},"type":"binary-expr","locations":[{"start":{"line":1,"column":5},"end":{"line":1,"column":18}},{"start":{"line":1,"column":5},"end":{"line":1,"column":null}}]},"1":{"loc":{"start":{"line":23,"column":49},"end":{"line":23,"column":51}},"type":"default-arg","locations":[{"start":{"line":23,"column":49},"end":{"line":23,"column":51}}]}},"s":{"0":3,"1":3,"2":3,"3":3,"4":3,"5":1,"6":1,"7":1,"8":1,"9":1,"10":1,"11":1,"12":3},"f":{"0":3,"1":1},"b":{"0":[3,3],"1":[0]}}
,"/home/codespace/workspace/winkelzoeker-api/src/usecases/ports/infrastructure/errors/useCaseError.ts": {"path":"/home/codespace/workspace/winkelzoeker-api/src/usecases/ports/infrastructure/errors/useCaseError.ts","statementMap":{"0":{"start":{"line":1,"column":0},"end":{"line":1,"column":48}},"1":{"start":{"line":5,"column":4},"end":{"line":5,"column":26}},"2":{"start":{"line":9,"column":9},"end":{"line":9,"column":21}}},"fnMap":{"0":{"name":"(anonymous_0)","decl":{"start":{"line":4,"column":2},"end":{"line":4,"column":14}},"loc":{"start":{"line":4,"column":51},"end":{"line":6,"column":3}}}},"branchMap":{"0":{"loc":{"start":{"line":4,"column":49},"end":{"line":4,"column":51}},"type":"default-arg","locations":[{"start":{"line":4,"column":49},"end":{"line":4,"column":51}}]}},"s":{"0":2,"1":0,"2":2},"f":{"0":0},"b":{"0":[0]}}
,"/home/codespace/workspace/winkelzoeker-api/src/usecases/stores/findNearestStoresUseCase.ts": {"path":"/home/codespace/workspace/winkelzoeker-api/src/usecases/stores/findNearestStoresUseCase.ts","statementMap":{"0":{"start":{"line":1,"column":0},"end":{"line":1,"column":72}},"1":{"start":{"line":2,"column":0},"end":{"line":2,"column":48}},"2":{"start":{"line":3,"column":0},"end":{"line":3,"column":61}},"3":{"start":{"line":6,"column":0},"end":{"line":6,"column":75}},"4":{"start":{"line":10,"column":21},"end":{"line":10,"column":53}},"5":{"start":{"line":15,"column":2},"end":{"line":39,"column":null}},"6":{"start":{"line":16,"column":19},"end":{"line":16,"column":89}},"7":{"start":{"line":18,"column":3},"end":{"line":29,"column":null}},"8":{"start":{"line":19,"column":38},"end":{"line":26,"column":78}},"9":{"start":{"line":21,"column":6},"end":{"line":23,"column":65}},"10":{"start":{"line":24,"column":5},"end":{"line":24,"column":38}},"11":{"start":{"line":26,"column":31},"end":{"line":26,"column":77}},"12":{"start":{"line":28,"column":5},"end":{"line":28,"column":38}},"13":{"start":{"line":31,"column":3},"end":{"line":31,"column":18}},"14":{"start":{"line":33,"column":3},"end":{"line":38,"column":13}},"15":{"start":{"line":8,"column":0},"end":{"line":8,"column":21}}},"fnMap":{"0":{"name":"(anonymous_0)","decl":{"start":{"line":10,"column":1},"end":{"line":10,"column":21}},"loc":{"start":{"line":10,"column":53},"end":{"line":11,"column":2}}},"1":{"name":"(anonymous_1)","decl":{"start":{"line":14,"column":1},"end":{"line":14,"column":6}},"loc":{"start":{"line":14,"column":36},"end":{"line":40,"column":2}}},"2":{"name":"(anonymous_2)","decl":{"start":{"line":19,"column":50},"end":{"line":19,"column":51}},"loc":{"start":{"line":19,"column":68},"end":{"line":25,"column":5}}},"3":{"name":"(anonymous_3)","decl":{"start":{"line":26,"column":11},"end":{"line":26,"column":12}},"loc":{"start":{"line":26,"column":31},"end":{"line":26,"column":77}}}},"branchMap":{"0":{"loc":{"start":{"line":18,"column":3},"end":{"line":29,"column":null}},"type":"if","locations":[{"start":{"line":18,"column":3},"end":{"line":29,"column":null}},{"start":{"line":18,"column":3},"end":{"line":29,"column":null}}]},"1":{"loc":{"start":{"line":26,"column":71},"end":{"line":26,"column":72}},"type":"cond-expr","locations":[{"start":{"line":26,"column":71},"end":{"line":26,"column":72}},{"start":{"line":26,"column":75},"end":{"line":26,"column":77}}]}},"s":{"0":2,"1":2,"2":2,"3":2,"4":1,"5":1,"6":1,"7":1,"8":1,"9":3,"10":3,"11":4,"12":1,"13":0,"14":0,"15":2},"f":{"0":1,"1":1,"2":3,"3":4},"b":{"0":[1,0],"1":[2,2]}}
}
