TN:
SF:workspace/winkelzoeker-api/src/adapters/controllers/exceptions/badRequestException.ts
FN:5,(anonymous_1)
FNF:1
FNH:1
FNDA:7,(anonymous_1)
DA:1,2
DA:2,2
DA:4,2
DA:6,7
LF:4
LH:4
BRDA:5,0,0,6
BRF:1
BRH:1
end_of_record
TN:
SF:workspace/winkelzoeker-api/src/adapters/controllers/exceptions/baseException.ts
FN:4,(anonymous_0)
FNF:1
FNH:1
FNDA:13,(anonymous_0)
DA:1,4
DA:4,13
DA:5,13
DA:6,13
LF:4
LH:4
BRDA:4,0,0,1
BRF:1
BRH:1
end_of_record
TN:
SF:workspace/winkelzoeker-api/src/adapters/controllers/exceptions/internalServerException.ts
FN:5,(anonymous_1)
FNF:1
FNH:1
FNDA:2,(anonymous_1)
DA:1,2
DA:2,2
DA:4,2
DA:6,2
LF:4
LH:4
BRDA:5,0,0,1
BRF:1
BRH:1
end_of_record
TN:
SF:workspace/winkelzoeker-api/src/adapters/controllers/exceptions/mappingException.ts
FN:5,(anonymous_1)
FNF:1
FNH:1
FNDA:3,(anonymous_1)
DA:1,3
DA:2,3
DA:4,3
DA:6,3
LF:4
LH:4
BRDA:5,0,0,1
BRF:1
BRH:1
end_of_record
TN:
SF:workspace/winkelzoeker-api/src/adapters/controllers/exceptions/responseError.ts
FN:7,(anonymous_1)
FNF:1
FNH:1
FNDA:1,(anonymous_1)
DA:1,2
DA:3,2
DA:8,1
DA:9,1
DA:10,1
LF:5
LH:5
BRF:0
BRH:0
end_of_record
TN:
SF:workspace/winkelzoeker-api/src/adapters/controllers/rest-api/abstractController.ts
FN:8,(anonymous_0)
FNF:1
FNH:1
FNDA:13,(anonymous_0)
DA:7,2
DA:8,13
LF:2
LH:2
BRF:0
BRH:0
end_of_record
TN:
SF:workspace/winkelzoeker-api/src/adapters/controllers/rest-api/restify/v1/api-handler.ts
FN:7,(anonymous_0)
FN:23,(anonymous_1)
FN:35,(anonymous_2)
FN:31,(anonymous_3)
FNF:4
FNH:4
FNDA:1,(anonymous_0)
FNDA:12,(anonymous_1)
FNDA:4,(anonymous_2)
FNDA:8,(anonymous_3)
DA:7,1
DA:8,1
DA:9,1
DA:10,1
DA:11,1
DA:12,1
DA:13,1
DA:23,12
DA:24,12
DA:25,12
DA:26,12
DA:27,12
DA:28,12
DA:32,8
DA:35,12
DA:37,4
DA:39,4
DA:41,4
DA:43,3
DA:44,2
DA:45,2
DA:46,2
DA:48,2
DA:49,2
DA:50,2
DA:55,1
LF:26
LH:26
BRDA:7,0,0,1
BRDA:7,0,1,1
BRF:2
BRH:2
end_of_record
TN:
SF:workspace/winkelzoeker-api/src/adapters/controllers/rest-api/restify/v1/use-case-controllers/find-nearest-store/findNearestStoresController.ts
FN:7,(anonymous_1)
FN:11,(anonymous_2)
FNF:2
FNH:2
FNDA:1,(anonymous_1)
FNDA:1,(anonymous_2)
DA:2,2
DA:4,2
DA:7,1
DA:8,1
DA:13,1
DA:15,1
DA:19,1
DA:20,1
DA:22,1
DA:23,1
DA:29,2
LF:11
LH:11
BRDA:16,0,0,1
BRDA:16,0,1,0
BRDA:19,1,0,1
BRDA:19,1,1,0
BRDA:19,2,0,1
BRDA:19,2,1,1
BRF:6
BRH:4
end_of_record
TN:
SF:workspace/winkelzoeker-api/src/adapters/controllers/rest-api/restify/v1/use-case-controllers/find-nearest-store/findNearestStoresHandler.ts
FN:18,(anonymous_1)
FN:25,(anonymous_2)
FN:47,(anonymous_3)
FNF:3
FNH:3
FNDA:12,(anonymous_1)
FNDA:12,(anonymous_2)
FNDA:3,(anonymous_3)
DA:3,1
DA:4,1
DA:6,1
DA:7,1
DA:10,1
DA:11,1
DA:12,1
DA:15,1
DA:17,1
DA:22,12
DA:26,12
DA:27,12
DA:28,12
DA:31,12
DA:32,1
DA:34,11
DA:35,1
DA:38,10
DA:39,3
DA:42,7
DA:43,1
DA:49,3
DA:50,3
DA:51,3
DA:52,3
DA:54,3
DA:59,3
DA:61,0
LF:28
LH:27
BRDA:26,0,0,9
BRDA:26,0,1,3
BRDA:27,1,0,8
BRDA:27,1,1,4
BRDA:28,2,0,12
BRDA:28,2,1,0
BRDA:31,3,0,1
BRDA:31,3,1,11
BRDA:31,4,0,12
BRDA:31,4,1,9
BRDA:34,5,0,1
BRDA:34,5,1,10
BRDA:34,6,0,11
BRDA:34,6,1,7
BRDA:38,7,0,3
BRDA:38,7,1,7
BRDA:42,8,0,1
BRDA:42,8,1,6
BRDA:42,9,0,7
BRDA:42,9,1,7
BRDA:50,10,0,2
BRDA:50,10,1,1
BRDA:51,11,0,2
BRDA:51,11,1,1
BRDA:52,12,0,3
BRDA:52,12,1,0
BRF:26
BRH:24
end_of_record
TN:
SF:workspace/winkelzoeker-api/src/adapters/controllers/rest-api/restify/v1/use-case-controllers/find-nearest-store/findNearestStoresResponseMapper.ts
FN:9,(anonymous_0)
FN:16,(anonymous_1)
FNF:2
FNH:2
FNDA:1,(anonymous_0)
FNDA:1,(anonymous_1)
DA:1,2
DA:7,2
DA:10,1
DA:17,1
LF:4
LH:4
BRF:0
BRH:0
end_of_record
TN:
SF:workspace/winkelzoeker-api/src/adapters/infrastructure/consoleLogger.ts
FN:4,(anonymous_0)
FN:8,(anonymous_1)
FN:12,(anonymous_2)
FN:16,(anonymous_3)
FN:20,(anonymous_4)
FNF:5
FNH:5
FNDA:1,(anonymous_0)
FNDA:6,(anonymous_1)
FNDA:1,(anonymous_2)
FNDA:1,(anonymous_3)
FNDA:1,(anonymous_4)
DA:3,3
DA:5,1
DA:9,6
DA:13,1
DA:17,1
DA:21,1
LF:6
LH:6
BRF:0
BRH:0
end_of_record
TN:
SF:workspace/winkelzoeker-api/src/adapters/infrastructure/webApplogger.ts
FN:8,(anonymous_1)
FN:19,(anonymous_2)
FN:23,(anonymous_3)
FN:27,(anonymous_4)
FN:31,(anonymous_5)
FN:35,(anonymous_6)
FNF:6
FNH:6
FNDA:5,(anonymous_1)
FNDA:1,(anonymous_2)
FNDA:1,(anonymous_3)
FNDA:1,(anonymous_4)
FNDA:1,(anonymous_5)
FNDA:1,(anonymous_6)
DA:1,1
DA:5,1
DA:9,5
DA:20,1
DA:24,1
DA:28,1
DA:32,1
DA:36,1
LF:8
LH:8
BRF:0
BRH:0
end_of_record
TN:
SF:workspace/winkelzoeker-api/src/adapters/repository/storeMongoRepository.ts
FN:12,(anonymous_1)
FN:44,(anonymous_2)
FN:48,(anonymous_3)
FN:52,(anonymous_4)
FN:61,(anonymous_5)
FNF:5
FNH:3
FNDA:2,(anonymous_1)
FNDA:1,(anonymous_2)
FNDA:1,(anonymous_3)
FNDA:0,(anonymous_4)
FNDA:0,(anonymous_5)
DA:6,2
DA:7,2
DA:9,2
DA:11,2
DA:13,2
DA:14,2
DA:33,2
DA:34,1
DA:36,1
DA:38,1
DA:43,2
DA:45,1
DA:49,1
DA:53,0
DA:59,0
DA:61,0
LF:16
LH:13
BRDA:33,0,0,1
BRDA:33,0,1,1
BRDA:33,1,0,2
BRDA:33,1,1,2
BRDA:33,1,2,1
BRDA:33,1,3,1
BRF:6
BRH:6
end_of_record
TN:
SF:workspace/winkelzoeker-api/src/adapters/repository/schemas/storeSchema.ts
FNF:0
FNH:0
DA:1,2
DA:3,2
DA:42,2
LF:3
LH:3
BRF:0
BRH:0
end_of_record
TN:
SF:workspace/winkelzoeker-api/src/core/geoLocation.ts
FN:5,(anonymous_0)
FN:7,(anonymous_1)
FNF:2
FNH:2
FNDA:13,(anonymous_0)
FNDA:2,(anonymous_1)
DA:1,5
DA:3,5
DA:5,13
DA:8,2
LF:4
LH:4
BRF:0
BRH:0
end_of_record
TN:
SF:workspace/winkelzoeker-api/src/lib/coordinateUtils.ts
FN:4,distanceInMeters
FNF:1
FNH:1
FNDA:8,distanceInMeters
DA:1,5
DA:5,8
DA:11,5
LF:3
LH:3
BRF:0
BRH:0
end_of_record
TN:
SF:workspace/winkelzoeker-api/src/lib/logicalXOR.ts
FN:1,logicalXOR
FNF:1
FNH:1
FNDA:14,logicalXOR
DA:1,2
DA:2,14
LF:2
LH:2
BRDA:2,0,0,14
BRDA:2,0,1,5
BRDA:2,0,2,11
BRDA:2,1,0,11
BRDA:2,1,1,9
BRF:5
BRH:5
end_of_record
TN:
SF:workspace/winkelzoeker-api/src/usecases/ports/infrastructure/coreBaseError.ts
FN:1,(anonymous_0)
FN:23,(anonymous_1)
FNF:2
FNH:2
FNDA:3,(anonymous_0)
FNDA:1,(anonymous_1)
DA:1,3
DA:2,3
DA:3,3
DA:4,3
DA:24,1
DA:26,1
DA:27,1
DA:28,1
DA:29,1
DA:30,1
DA:31,1
DA:35,3
LF:12
LH:12
BRDA:1,0,0,3
BRDA:1,0,1,3
BRDA:23,1,0,0
BRF:3
BRH:2
end_of_record
TN:
SF:workspace/winkelzoeker-api/src/usecases/ports/infrastructure/errors/useCaseError.ts
FN:4,(anonymous_0)
FNF:1
FNH:0
FNDA:0,(anonymous_0)
DA:1,2
DA:5,0
DA:9,2
LF:3
LH:2
BRDA:4,0,0,0
BRF:1
BRH:0
end_of_record
TN:
SF:workspace/winkelzoeker-api/src/usecases/stores/findNearestStoresUseCase.ts
FN:10,(anonymous_0)
FN:14,(anonymous_1)
FN:19,(anonymous_2)
FN:26,(anonymous_3)
FNF:4
FNH:4
FNDA:1,(anonymous_0)
FNDA:1,(anonymous_1)
FNDA:3,(anonymous_2)
FNDA:4,(anonymous_3)
DA:1,2
DA:2,2
DA:3,2
DA:6,2
DA:8,2
DA:10,1
DA:15,1
DA:16,1
DA:18,1
DA:19,1
DA:21,3
DA:24,3
DA:26,4
DA:28,1
DA:31,0
DA:33,0
LF:16
LH:14
BRDA:18,0,0,1
BRDA:18,0,1,0
BRDA:26,1,0,2
BRDA:26,1,1,2
BRF:4
BRH:3
end_of_record
